<?xml version="1.0" encoding="UTF-8"?>
<testng-results skipped="0" failed="0" ignored="0" total="4" passed="4">
  <reporter-output>
  </reporter-output>
  <suite name="Loging Suite" duration-ms="51859" started-at="2020-01-10T00:16:13 IST" finished-at="2020-01-10T00:17:05 IST">
    <groups>
    </groups>
    <test name="Login test" duration-ms="51859" started-at="2020-01-10T00:16:13 IST" finished-at="2020-01-10T00:17:05 IST">
      <class name="loginTestCases.Login_Using_Dataprovider">
        <test-method status="PASS" signature="loginWithCorrectUserName(java.lang.String, java.lang.String)[pri:0, instance:loginTestCases.Login_Using_Dataprovider@5abca1e0]" name="loginWithCorrectUserName" duration-ms="17714" started-at="2020-01-10T00:16:13 IST" data-provider="login data" finished-at="2020-01-10T00:16:31 IST">
          <params>
            <param index="0">
              <value>
                <![CDATA[Admin]]>
              </value>
            </param>
            <param index="1">
              <value>
                <![CDATA[admin123]]>
              </value>
            </param>
          </params>
          <reporter-output>
          </reporter-output>
        </test-method> <!-- loginWithCorrectUserName -->
        <test-method status="PASS" signature="loginWithCorrectUserName(java.lang.String, java.lang.String)[pri:0, instance:loginTestCases.Login_Using_Dataprovider@5abca1e0]" name="loginWithCorrectUserName" duration-ms="11037" started-at="2020-01-10T00:16:31 IST" data-provider="login data" finished-at="2020-01-10T00:16:42 IST">
          <params>
            <param index="0">
              <value>
                <![CDATA[Admin1]]>
              </value>
            </param>
            <param index="1">
              <value>
                <![CDATA[admin223]]>
              </value>
            </param>
          </params>
          <reporter-output>
          </reporter-output>
        </test-method> <!-- loginWithCorrectUserName -->
        <test-method status="PASS" signature="loginWithCorrectUserName(java.lang.String, java.lang.String)[pri:0, instance:loginTestCases.Login_Using_Dataprovider@5abca1e0]" name="loginWithCorrectUserName" duration-ms="10225" started-at="2020-01-10T00:16:42 IST" data-provider="login data" finished-at="2020-01-10T00:16:52 IST">
          <params>
            <param index="0">
              <value>
                <![CDATA[Admin12]]>
              </value>
            </param>
            <param index="1">
              <value>
                <![CDATA[admin123]]>
              </value>
            </param>
          </params>
          <reporter-output>
          </reporter-output>
        </test-method> <!-- loginWithCorrectUserName -->
        <test-method status="PASS" signature="loginWithCorrectUserName(java.lang.String, java.lang.String)[pri:0, instance:loginTestCases.Login_Using_Dataprovider@5abca1e0]" name="loginWithCorrectUserName" duration-ms="12791" started-at="2020-01-10T00:16:52 IST" data-provider="login data" finished-at="2020-01-10T00:17:05 IST">
          <params>
            <param index="0">
              <value>
                <![CDATA[Admin]]>
              </value>
            </param>
            <param index="1">
              <value>
                <![CDATA[admin1123]]>
              </value>
            </param>
          </params>
          <reporter-output>
          </reporter-output>
        </test-method> <!-- loginWithCorrectUserName -->
      </class> <!-- loginTestCases.Login_Using_Dataprovider -->
    </test> <!-- Login test -->
  </suite> <!-- Loging Suite -->
</testng-results>
