<?xml version="1.0" encoding="UTF-8"?>
<!-- Generated by org.testng.reporters.JUnitXMLReporter -->
<testsuite hostname="TK-IN-PC" ignored="0" name="CorrectUserName" tests="1" failures="1" timestamp="2020-01-09T23:37:29 IST" time="0.019" errors="0">
  <testcase name="loginWithCorrectUserName" time="0.0" classname="loginTestCases.CorrectUserName">
    <failure type="org.testng.TestNGException" message="
Cannot inject @Test annotated Method [loginWithCorrectUserName] with [class java.lang.String, class java.lang.String].
For more information on native dependency injection please refer to http://testng.org/doc/documentation-main.html#native-dependency-injection">
      <![CDATA[org.testng.TestNGException: 
Cannot inject @Test annotated Method [loginWithCorrectUserName] with [class java.lang.String, class java.lang.String].
For more information on native dependency injection please refer to http://testng.org/doc/documentation-main.html#native-dependency-injection
at java.util.concurrent.ThreadPoolExecutor.runWorker(Unknown Source)
at java.util.concurrent.ThreadPoolExecutor$Worker.run(Unknown Source)
at java.lang.Thread.run(Unknown Source)
... Removed 11 stack frames]]>
    </failure>
  </testcase> <!-- loginWithCorrectUserName -->
</testsuite> <!-- CorrectUserName -->
