<?xml version="1.0" encoding="UTF-8"?>
<!-- Generated by org.testng.reporters.JUnitXMLReporter -->
<testsuite hostname="TK-IN-PC" ignored="0" name="Login test cases" tests="4" failures="0" timestamp="2020-01-09T18:43:57 IST" time="19.54" errors="0">
  <testcase name="loginWithBoth_InCorrect" time="17.527" classname="loginTestCases.Both_Correct"/>
  <testcase name="loginWithCorrectPassword" time="18.071" classname="loginTestCases.CorrectPassword"/>
  <testcase name="loginWithBoth_InCorrect" time="18.079" classname="loginTestCases.Both_Incorrect"/>
  <testcase name="loginWithCorrectUserName" time="19.476" classname="loginTestCases.CorrectUserName"/>
</testsuite> <!-- Login test cases -->
