<?xml version="1.0" encoding="UTF-8"?>
<!-- Generated by org.testng.reporters.JUnitXMLReporter -->
<testsuite hostname="TK-IN-PC" ignored="0" name="Login test" tests="4" failures="0" timestamp="2020-01-10T00:17:05 IST" time="51.859" errors="0">
  <testcase name="loginWithCorrectUserName" time="17.714" classname="loginTestCases.Login_Using_Dataprovider"/>
  <testcase name="loginWithCorrectUserName" time="11.037" classname="loginTestCases.Login_Using_Dataprovider"/>
  <testcase name="loginWithCorrectUserName" time="10.225" classname="loginTestCases.Login_Using_Dataprovider"/>
  <testcase name="loginWithCorrectUserName" time="12.791" classname="loginTestCases.Login_Using_Dataprovider"/>
</testsuite> <!-- Login test -->
